<?xml version="1.0" encoding="UTF-8"?>
<!-- Generated by org.testng.reporters.JUnitReportReporter -->
<testsuite hostname="LATITUDE" failures="0" tests="7" name="pack1.TestClass1" time="0.019" errors="0" timestamp="2026-02-18T08:46:34 IST" skipped="1">
  <testcase classname="pack1.TestClass1" name="testCas4" time="0.004"/>
  <testcase classname="pack1.TestClass1" name="testCase2" time="0.005"/>
  <testcase classname="pack1.TestClass1" name="testCase1" time="0.003"/>
  <testcase classname="pack1.TestClass1" name="testCase1" time="0.002"/>
  <testcase classname="pack1.TestClass1" name="testCase1" time="0.004"/>
  <testcase classname="pack1.TestClass1" name="testCase1" time="0.001"/>
  <testcase classname="pack1.TestClass1" name="zestCase3">
    <skipped/>
  </testcase> <!-- zestCase3 -->
</testsuite> <!-- pack1.TestClass1 -->
