<?xml version="1.0" encoding="UTF-8"?>
<!-- Generated by org.testng.reporters.JUnitReportReporter -->
<testsuite hostname="LATITUDE" failures="0" tests="3" name="pack1.Annotations" time="0.028" errors="0" timestamp="2026-02-18T08:46:34 IST" skipped="0">
  <testcase classname="pack1.Annotations" name="testCase1" time="0.020"/>
  <testcase classname="pack1.Annotations" name="testCase2" time="0.004"/>
  <testcase classname="pack1.Annotations" name="testCase3" time="0.004"/>
</testsuite> <!-- pack1.Annotations -->
