<?xml version="1.0" encoding="UTF-8"?>
<!-- Generated by org.testng.reporters.JUnitReportReporter -->
<testsuite hostname="LATITUDE" failures="0" tests="3" name="pack1.Annotations2" time="0.009" errors="0" timestamp="2026-02-18T08:46:34 IST" skipped="0">
  <testcase classname="pack1.Annotations2" name="testCase4" time="0.003"/>
  <testcase classname="pack1.Annotations2" name="testCase5" time="0.003"/>
  <testcase classname="pack1.Annotations2" name="testCase6" time="0.003"/>
</testsuite> <!-- pack1.Annotations2 -->
