<?xml version="1.0" encoding="UTF-8"?>
<!-- Generated by org.testng.reporters.JUnitXMLReporter -->
<testsuite ignored="4" hostname="LATITUDE" failures="0" tests="9" name="Testoemter_Test" time="0.234" errors="0" timestamp="2026-02-20T08:07:38 IST">
  <testcase classname="pack1.Annotations" name="testCase1" time="0.022"/>
  <testcase classname="pack1.Annotations" name="testCase2" time="0.003"/>
  <testcase classname="pack1.Annotations" name="testCase3" time="0.005"/>
  <testcase classname="pack1.Annotations2" name="testCase4" time="0.003"/>
  <testcase classname="pack1.Annotations2" name="testCase6" time="0.006"/>
  <testcase classname="pack1.TestClass1" name="testCase1" time="0.004"/>
  <testcase classname="pack1.TestClass1" name="testCase1" time="0.003"/>
  <testcase classname="pack1.TestClass1" name="testCase1" time="0.004"/>
  <testcase classname="pack1.TestClass1" name="testCase1" time="0.007"/>
  <testcase classname="pack1.TestClass1" name="testCas4" time="0.0">
    <ignored/>
  </testcase> <!-- testCas4 -->
  <testcase classname="pack1.Annotations2" name="testCase5" time="0.0">
    <ignored/>
  </testcase> <!-- testCase5 -->
  <testcase classname="pack1.TestClass1" name="testCase2" time="0.0">
    <ignored/>
  </testcase> <!-- testCase2 -->
  <testcase classname="pack1.TestClass1" name="zestCase3" time="0.0">
    <ignored/>
  </testcase> <!-- zestCase3 -->
</testsuite> <!-- Testoemter_Test -->
