<?xml version="1.0" encoding="UTF-8"?>
<testng-results ignored="0" total="1" passed="1" failed="0" skipped="0">
  <reporter-output>
  </reporter-output>
  <suite started-at="2026-02-24T09:03:05 IST" name="Default suite" finished-at="2026-02-24T09:03:28 IST" duration-ms="22753">
    <groups>
    </groups>
    <test started-at="2026-02-24T09:03:05 IST" name="Default test" finished-at="2026-02-24T09:03:28 IST" duration-ms="22753">
      <class name="testSuite.HeaderTestSuite">
        <test-method is-config="true" signature="initializeDriver()[pri:0, instance:testSuite.HeaderTestSuite@bcec361]" started-at="2026-02-24T09:02:56 IST" name="initializeDriver" finished-at="2026-02-24T09:03:05 IST" duration-ms="8540" status="PASS">
          <reporter-output>
          </reporter-output>
        </test-method> <!-- initializeDriver -->
        <test-method is-config="true" signature="login()[pri:0, instance:testSuite.HeaderTestSuite@bcec361]" started-at="2026-02-24T09:03:05 IST" name="login" finished-at="2026-02-24T09:03:05 IST" duration-ms="490" status="PASS">
          <reporter-output>
          </reporter-output>
        </test-method> <!-- login -->
        <test-method signature="tc_123_ChangePasswordTest()[pri:0, instance:testSuite.HeaderTestSuite@bcec361]" started-at="2026-02-24T09:03:05 IST" name="tc_123_ChangePasswordTest" finished-at="2026-02-24T09:03:27 IST" duration-ms="21437" status="PASS">
          <reporter-output>
          </reporter-output>
        </test-method> <!-- tc_123_ChangePasswordTest -->
        <test-method is-config="true" signature="logout()[pri:0, instance:testSuite.HeaderTestSuite@bcec361]" started-at="2026-02-24T09:03:27 IST" name="logout" finished-at="2026-02-24T09:03:28 IST" duration-ms="767" status="PASS">
          <reporter-output>
          </reporter-output>
        </test-method> <!-- logout -->
        <test-method is-config="true" signature="closeBrowser()[pri:0, instance:testSuite.HeaderTestSuite@bcec361]" started-at="2026-02-24T09:03:28 IST" name="closeBrowser" finished-at="2026-02-24T09:03:33 IST" duration-ms="5340" status="PASS">
          <reporter-output>
          </reporter-output>
        </test-method> <!-- closeBrowser -->
      </class> <!-- testSuite.HeaderTestSuite -->
    </test> <!-- Default test -->
  </suite> <!-- Default suite -->
</testng-results>
