<?xml version="1.0" encoding="UTF-8"?>
<testng-results ignored="0" total="1" passed="1" failed="0" skipped="0">
  <reporter-output>
  </reporter-output>
  <suite started-at="2026-02-26T08:08:29 IST" name="Default suite" finished-at="2026-02-26T08:08:49 IST" duration-ms="20064">
    <groups>
    </groups>
    <test started-at="2026-02-26T08:08:29 IST" name="Default test" finished-at="2026-02-26T08:08:49 IST" duration-ms="20064">
      <class name="testSuite.HeaderTestSuite">
        <test-method is-config="true" signature="initializeDriver()[pri:0, instance:testSuite.HeaderTestSuite@1ce24091]" started-at="2026-02-26T08:08:25 IST" name="initializeDriver" finished-at="2026-02-26T08:08:29 IST" duration-ms="3638" status="PASS">
          <reporter-output>
          </reporter-output>
        </test-method> <!-- initializeDriver -->
        <test-method is-config="true" signature="login()[pri:0, instance:testSuite.HeaderTestSuite@1ce24091]" started-at="2026-02-26T08:08:29 IST" name="login" finished-at="2026-02-26T08:08:29 IST" duration-ms="1" status="PASS">
          <reporter-output>
          </reporter-output>
        </test-method> <!-- login -->
        <test-method signature="tc_123_ChangePasswordTest()[pri:0, instance:testSuite.HeaderTestSuite@1ce24091]" started-at="2026-02-26T08:08:29 IST" name="tc_123_ChangePasswordTest" finished-at="2026-02-26T08:08:48 IST" duration-ms="19453" status="PASS">
          <reporter-output>
          </reporter-output>
        </test-method> <!-- tc_123_ChangePasswordTest -->
        <test-method is-config="true" signature="logout()[pri:0, instance:testSuite.HeaderTestSuite@1ce24091]" started-at="2026-02-26T08:08:48 IST" name="logout" finished-at="2026-02-26T08:08:49 IST" duration-ms="561" status="PASS">
          <reporter-output>
          </reporter-output>
        </test-method> <!-- logout -->
        <test-method is-config="true" signature="closeBrowser()[pri:0, instance:testSuite.HeaderTestSuite@1ce24091]" started-at="2026-02-26T08:08:49 IST" name="closeBrowser" finished-at="2026-02-26T08:08:55 IST" duration-ms="5816" status="PASS">
          <reporter-output>
          </reporter-output>
        </test-method> <!-- closeBrowser -->
      </class> <!-- testSuite.HeaderTestSuite -->
    </test> <!-- Default test -->
  </suite> <!-- Default suite -->
</testng-results>
