<?xml version="1.0" encoding="UTF-8"?>
<testng-results ignored="0" total="12" passed="12" failed="0" skipped="0">
  <reporter-output>
  </reporter-output>
  <suite started-at="2026-02-18T08:46:34 IST" name="Testoemter_Suite" finished-at="2026-02-18T08:46:34 IST" duration-ms="209">
    <groups>
    </groups>
    <test started-at="2026-02-18T08:46:34 IST" name="Testoemter_Test" finished-at="2026-02-18T08:46:34 IST" duration-ms="209">
      <class name="pack1.Annotations">
        <test-method is-config="true" signature="beforeClass()[pri:0, instance:pack1.Annotations@73a1e9a9]" started-at="2026-02-18T08:46:34 IST" name="beforeClass" finished-at="2026-02-18T08:46:34 IST" duration-ms="2" status="PASS">
          <reporter-output>
          </reporter-output>
        </test-method> <!-- beforeClass -->
        <test-method is-config="true" signature="beforeMethod()[pri:0, instance:pack1.Annotations@73a1e9a9]" started-at="2026-02-18T08:46:34 IST" name="beforeMethod" finished-at="2026-02-18T08:46:34 IST" duration-ms="1" status="PASS">
          <reporter-output>
          </reporter-output>
        </test-method> <!-- beforeMethod -->
        <test-method signature="testCase1()[pri:1, instance:pack1.Annotations@73a1e9a9]" started-at="2026-02-18T08:46:34 IST" name="testCase1" finished-at="2026-02-18T08:46:34 IST" duration-ms="18" status="PASS">
          <reporter-output>
          </reporter-output>
        </test-method> <!-- testCase1 -->
        <test-method is-config="true" signature="afterMethod()[pri:0, instance:pack1.Annotations@73a1e9a9]" started-at="2026-02-18T08:46:34 IST" name="afterMethod" finished-at="2026-02-18T08:46:34 IST" duration-ms="1" status="PASS">
          <reporter-output>
          </reporter-output>
        </test-method> <!-- afterMethod -->
        <test-method is-config="true" signature="beforeMethod()[pri:0, instance:pack1.Annotations@73a1e9a9]" started-at="2026-02-18T08:46:34 IST" name="beforeMethod" finished-at="2026-02-18T08:46:34 IST" duration-ms="1" status="PASS">
          <reporter-output>
          </reporter-output>
        </test-method> <!-- beforeMethod -->
        <test-method signature="testCase2()[pri:2, instance:pack1.Annotations@73a1e9a9]" started-at="2026-02-18T08:46:34 IST" name="testCase2" finished-at="2026-02-18T08:46:34 IST" duration-ms="2" status="PASS">
          <reporter-output>
          </reporter-output>
        </test-method> <!-- testCase2 -->
        <test-method is-config="true" signature="afterMethod()[pri:0, instance:pack1.Annotations@73a1e9a9]" started-at="2026-02-18T08:46:34 IST" name="afterMethod" finished-at="2026-02-18T08:46:34 IST" duration-ms="0" status="PASS">
          <reporter-output>
          </reporter-output>
        </test-method> <!-- afterMethod -->
        <test-method is-config="true" signature="beforeMethod()[pri:0, instance:pack1.Annotations@73a1e9a9]" started-at="2026-02-18T08:46:34 IST" name="beforeMethod" finished-at="2026-02-18T08:46:34 IST" duration-ms="1" status="PASS">
          <reporter-output>
          </reporter-output>
        </test-method> <!-- beforeMethod -->
        <test-method signature="testCase3()[pri:3, instance:pack1.Annotations@73a1e9a9]" started-at="2026-02-18T08:46:34 IST" name="testCase3" finished-at="2026-02-18T08:46:34 IST" duration-ms="3" status="PASS">
          <reporter-output>
          </reporter-output>
        </test-method> <!-- testCase3 -->
        <test-method is-config="true" signature="afterMethod()[pri:0, instance:pack1.Annotations@73a1e9a9]" started-at="2026-02-18T08:46:34 IST" name="afterMethod" finished-at="2026-02-18T08:46:34 IST" duration-ms="1" status="PASS">
          <reporter-output>
          </reporter-output>
        </test-method> <!-- afterMethod -->
        <test-method is-config="true" signature="afterClass()[pri:0, instance:pack1.Annotations@73a1e9a9]" started-at="2026-02-18T08:46:34 IST" name="afterClass" finished-at="2026-02-18T08:46:34 IST" duration-ms="0" status="PASS">
          <reporter-output>
          </reporter-output>
        </test-method> <!-- afterClass -->
      </class> <!-- pack1.Annotations -->
      <class name="pack1.TestClass1">
        <test-method signature="testCas4()[pri:-2, instance:pack1.TestClass1@397fbdb]" started-at="2026-02-18T08:46:34 IST" name="testCas4" finished-at="2026-02-18T08:46:34 IST" duration-ms="4" status="PASS">
          <reporter-output>
          </reporter-output>
        </test-method> <!-- testCas4 -->
        <test-method signature="testCase2()[pri:0, instance:pack1.TestClass1@397fbdb]" started-at="2026-02-18T08:46:34 IST" name="testCase2" finished-at="2026-02-18T08:46:34 IST" duration-ms="5" status="PASS">
          <reporter-output>
          </reporter-output>
        </test-method> <!-- testCase2 -->
        <test-method signature="testCase1()[pri:100, instance:pack1.TestClass1@397fbdb]" started-at="2026-02-18T08:46:34 IST" name="testCase1" finished-at="2026-02-18T08:46:34 IST" duration-ms="4" status="PASS">
          <reporter-output>
          </reporter-output>
        </test-method> <!-- testCase1 -->
        <test-method signature="testCase1()[pri:100, instance:pack1.TestClass1@397fbdb]" started-at="2026-02-18T08:46:34 IST" name="testCase1" finished-at="2026-02-18T08:46:34 IST" duration-ms="1" status="PASS">
          <reporter-output>
          </reporter-output>
        </test-method> <!-- testCase1 -->
        <test-method signature="testCase1()[pri:100, instance:pack1.TestClass1@397fbdb]" started-at="2026-02-18T08:46:34 IST" name="testCase1" finished-at="2026-02-18T08:46:34 IST" duration-ms="3" status="PASS">
          <reporter-output>
          </reporter-output>
        </test-method> <!-- testCase1 -->
        <test-method signature="testCase1()[pri:100, instance:pack1.TestClass1@397fbdb]" started-at="2026-02-18T08:46:34 IST" name="testCase1" finished-at="2026-02-18T08:46:34 IST" duration-ms="2" status="PASS">
          <reporter-output>
          </reporter-output>
        </test-method> <!-- testCase1 -->
      </class> <!-- pack1.TestClass1 -->
      <class name="pack1.Annotations2">
        <test-method is-config="true" signature="beforeSuite()[pri:0, instance:pack1.Annotations2@3590fc5b]" started-at="2026-02-18T08:46:34 IST" name="beforeSuite" finished-at="2026-02-18T08:46:34 IST" duration-ms="25" status="PASS">
          <reporter-output>
          </reporter-output>
        </test-method> <!-- beforeSuite -->
        <test-method is-config="true" signature="beforeTest()[pri:0, instance:pack1.Annotations2@3590fc5b]" started-at="2026-02-18T08:46:34 IST" name="beforeTest" finished-at="2026-02-18T08:46:34 IST" duration-ms="1" status="PASS">
          <reporter-output>
          </reporter-output>
        </test-method> <!-- beforeTest -->
        <test-method signature="testCase4()[pri:1, instance:pack1.Annotations2@3590fc5b]" started-at="2026-02-18T08:46:34 IST" name="testCase4" finished-at="2026-02-18T08:46:34 IST" duration-ms="3" status="PASS">
          <reporter-output>
          </reporter-output>
        </test-method> <!-- testCase4 -->
        <test-method signature="testCase5()[pri:2, instance:pack1.Annotations2@3590fc5b]" started-at="2026-02-18T08:46:34 IST" name="testCase5" finished-at="2026-02-18T08:46:34 IST" duration-ms="3" status="PASS">
          <reporter-output>
          </reporter-output>
        </test-method> <!-- testCase5 -->
        <test-method signature="testCase6()[pri:3, instance:pack1.Annotations2@3590fc5b]" started-at="2026-02-18T08:46:34 IST" name="testCase6" finished-at="2026-02-18T08:46:34 IST" duration-ms="3" status="PASS">
          <reporter-output>
          </reporter-output>
        </test-method> <!-- testCase6 -->
        <test-method is-config="true" signature="afterTest()[pri:0, instance:pack1.Annotations2@3590fc5b]" started-at="2026-02-18T08:46:34 IST" name="afterTest" finished-at="2026-02-18T08:46:34 IST" duration-ms="1" status="PASS">
          <reporter-output>
          </reporter-output>
        </test-method> <!-- afterTest -->
        <test-method is-config="true" signature="afterSuite()[pri:0, instance:pack1.Annotations2@3590fc5b]" started-at="2026-02-18T08:46:34 IST" name="afterSuite" finished-at="2026-02-18T08:46:34 IST" duration-ms="0" status="PASS">
          <reporter-output>
          </reporter-output>
        </test-method> <!-- afterSuite -->
      </class> <!-- pack1.Annotations2 -->
    </test> <!-- Testoemter_Test -->
  </suite> <!-- Testoemter_Suite -->
</testng-results>
