<?xml version="1.0" encoding="UTF-8"?>
<!-- Generated by org.testng.reporters.JUnitXMLReporter -->
<testsuite ignored="0" hostname="LATITUDE" failures="0" tests="3" name="Default test" time="0.179" errors="0" timestamp="2026-02-18T08:13:03 IST">
  <testcase classname="pack1.Annotations" name="testCase1" time="0.019"/>
  <testcase classname="pack1.Annotations" name="testCase2" time="0.005"/>
  <testcase classname="pack1.Annotations" name="testCase3" time="0.003"/>
</testsuite> <!-- Default test -->
